<?xml version="1.0" encoding="UTF-8"?>
<!-- Generated by org.testng.reporters.JUnitReportReporter -->
<testsuite skipped="0" hostname="LAPTOP-P04MERIM" name="com.vtiger.testpom.Leads" tests="11" failures="0" timestamp="2019-11-12T18:14:35 IST" time="330.200" errors="0">
  <testcase name="CreateLeadwithoutMandatoryField" time="28.291" classname="com.vtiger.testpom.Leads"/>
  <testcase name="EditLead" time="33.387" classname="com.vtiger.testpom.Leads"/>
  <testcase name="CreateLeadWithQuickCreateusingUser" time="29.462" classname="com.vtiger.testpom.Leads"/>
  <testcase name="deleteButtonCheck" time="27.283" classname="com.vtiger.testpom.Leads"/>
  <testcase name="validLogin" time="15.965" classname="com.vtiger.testpom.Leads"/>
  <testcase name="CancelLeadsButtonCheck" time="42.259" classname="com.vtiger.testpom.Leads"/>
  <testcase name="CreateLeadButtonCheck" time="29.666" classname="com.vtiger.testpom.Leads"/>
  <testcase name="CreateLeadwithMandatoryField" time="31.671" classname="com.vtiger.testpom.Leads"/>
  <testcase name="LeadButtonCheck" time="33.644" classname="com.vtiger.testpom.Leads"/>
  <testcase name="CreateLeadwithwrongEmailid" time="27.991" classname="com.vtiger.testpom.Leads"/>
  <testcase name="CreateLeadWithQuickCreateusingGroup" time="30.581" classname="com.vtiger.testpom.Leads"/>
</testsuite> <!-- com.vtiger.testpom.Leads -->
